1675281297628	geckodriver	INFO	Listening on 127.0.0.1:49647
1675281307886	geckodriver	INFO	Listening on 127.0.0.1:49654
1675281310932	mozrunner::runner	INFO	Running command: "C:\\Program Files\\Mozilla Firefox\\firefox.exe" "--marionette" "--remote-debugging-port" "49655" "--remote-allow-hosts" "localhost" "-no-remote" "-profile" "C:\\Users\\kirit\\AppData\\Local\\Temp\\rust_mozprofileE9Y5F3"
1675281336459	geckodriver	INFO	Listening on 127.0.0.1:49753
1675281339524	mozrunner::runner	INFO	Running command: "C:\\Program Files\\Mozilla Firefox\\firefox.exe" "--marionette" "--remote-debugging-port" "49754" "--remote-allow-hosts" "localhost" "-no-remote" "-profile" "C:\\Users\\kirit\\AppData\\Local\\Temp\\rust_mozprofilecrYCZe"
1675281340148	Marionette	INFO	Marionette enabled
console.warn: SearchSettings: "get: No settings file exists, new profile?" (new NotFoundError("Could not open the file at C:\\Users\\kirit\\AppData\\Local\\Temp\\rust_mozprofilecrYCZe\\search.json.mozlz4", (void 0)))
DevTools listening on ws://localhost:49754/devtools/browser/930027ba-898e-4b41-a4f0-76ec7afd8909
1675281343355	Marionette	INFO	Listening on port 49759
1675281343763	RemoteAgent	WARN	TLS certificate errors will be ignored for this session
JavaScript warning: https://static.cdninstagram.com/rsrc.php/v3if8t4/yF/l/en_US/O4onDaVW35_.js?_nc_x=Ij3Wp8lg5Kz, line 28: WEBGL_debug_renderer_info is deprecated in Firefox and will be removed. Please use RENDERER.
1675281380300	Marionette	INFO	Stopped listening on port 49759

###!!! [Parent][RunMessage] Error: Channel closing: too late to send/recv, messages will be lost

1675282470881	geckodriver	INFO	Listening on 127.0.0.1:49930
1675282473935	mozrunner::runner	INFO	Running command: "C:\\Program Files\\Mozilla Firefox\\firefox.exe" "--marionette" "--remote-debugging-port" "49931" "--remote-allow-hosts" "localhost" "-no-remote" "-profile" "C:\\Users\\kirit\\AppData\\Local\\Temp\\rust_mozprofileyPuMoC"
1675282474515	Marionette	INFO	Marionette enabled
console.warn: SearchSettings: "get: No settings file exists, new profile?" (new NotFoundError("Could not open the file at C:\\Users\\kirit\\AppData\\Local\\Temp\\rust_mozprofileyPuMoC\\search.json.mozlz4", (void 0)))
DevTools listening on ws://localhost:49931/devtools/browser/5fb045ab-226a-4e10-861d-846f9d6bf1f9
1675282477048	Marionette	INFO	Listening on port 49936
1675282477169	RemoteAgent	WARN	TLS certificate errors will be ignored for this session
JavaScript warning: https://static.cdninstagram.com/rsrc.php/v3if8t4/yF/l/en_US/O4onDaVW35_.js?_nc_x=Ij3Wp8lg5Kz, line 28: WEBGL_debug_renderer_info is deprecated in Firefox and will be removed. Please use RENDERER.
1675282500009	Marionette	INFO	Stopped listening on port 49936

###!!! [Parent][RunMessage] Error: Channel closing: too late to send/recv, messages will be lost

1675282517426	geckodriver	INFO	Listening on 127.0.0.1:50003
1675282520484	mozrunner::runner	INFO	Running command: "C:\\Program Files\\Mozilla Firefox\\firefox.exe" "--marionette" "--remote-debugging-port" "50004" "--remote-allow-hosts" "localhost" "-no-remote" "-profile" "C:\\Users\\kirit\\AppData\\Local\\Temp\\rust_mozprofileClCEqT"
1675282520835	Marionette	INFO	Marionette enabled
console.warn: SearchSettings: "get: No settings file exists, new profile?" (new NotFoundError("Could not open the file at C:\\Users\\kirit\\AppData\\Local\\Temp\\rust_mozprofileClCEqT\\search.json.mozlz4", (void 0)))
DevTools listening on ws://localhost:50004/devtools/browser/cff055fa-e85b-4709-8de0-630239c12724
1675282523093	Marionette	INFO	Listening on port 50009
1675282523171	RemoteAgent	WARN	TLS certificate errors will be ignored for this session
JavaScript warning: https://static.cdninstagram.com/rsrc.php/v3if8t4/yF/l/en_US/O4onDaVW35_.js?_nc_x=Ij3Wp8lg5Kz, line 28: WEBGL_debug_renderer_info is deprecated in Firefox and will be removed. Please use RENDERER.
1675282534416	Marionette	INFO	Stopped listening on port 50009
1675282672923	geckodriver	INFO	Listening on 127.0.0.1:50084
1675282675970	mozrunner::runner	INFO	Running command: "C:\\Program Files\\Mozilla Firefox\\firefox.exe" "--marionette" "--remote-debugging-port" "50085" "--remote-allow-hosts" "localhost" "-no-remote" "-profile" "C:\\Users\\kirit\\AppData\\Local\\Temp\\rust_mozprofiletrJMZk"
1675282676343	Marionette	INFO	Marionette enabled
console.warn: SearchSettings: "get: No settings file exists, new profile?" (new NotFoundError("Could not open the file at C:\\Users\\kirit\\AppData\\Local\\Temp\\rust_mozprofiletrJMZk\\search.json.mozlz4", (void 0)))
DevTools listening on ws://localhost:50085/devtools/browser/685a346c-0ff6-46c0-8e6c-cfb3d4741233
1675282678332	Marionette	INFO	Listening on port 50090
1675282678661	RemoteAgent	WARN	TLS certificate errors will be ignored for this session
JavaScript warning: https://static.cdninstagram.com/rsrc.php/v3if8t4/yF/l/en_US/O4onDaVW35_.js?_nc_x=Ij3Wp8lg5Kz, line 28: WEBGL_debug_renderer_info is deprecated in Firefox and will be removed. Please use RENDERER.
1675283018630	Marionette	INFO	Stopped listening on port 50090
5282824493	mozrunner::runner	INFO	Running command: "C:\\Program Files\\Mozilla Firefox\\firefox.exe" "--marionette" "--remote-debugging-port" "50172" "--remote-allow-hosts" "localhost" "-no-remote" "-profile" "C:\\Users\\kirit\\AppData\\Local\\Temp\\rust_mozprofilecmkJgP"
1675282825055	Marionette	INFO	Marionette enabled
console.warn: SearchSettings: "get: No settings file exists, new profile?" (new NotFoundError("Could not open the file at C:\\Users\\kirit\\AppData\\Local\\Temp\\rust_mozprofilecmkJgP\\search.json.mozlz4", (void 0)))
DevTools listening on ws://localhost:50172/devtools/browser/674343d3-d333-47aa-8556-9bce6854e307
1675282828462	Marionette	INFO	Listening on port 50181
1675282828710	RemoteAgent	WARN	TLS certificate errors will be ignored for this session
JavaScript warning: https://static.cdninstagram.com/rsrc.php/v3if8t4/yF/l/en_US/O4onDaVW35_.js?_nc_x=Ij3Wp8lg5Kz, line 28: WEBGL_debug_renderer_info is deprecated in Firefox and will be removed. Please use RENDERER.
1675283019568	Marionette	INFO	Stopped listening on port 50181
console.warn: TopSitesFeed: Failed to fetch data from Contile server: NetworkError when attempting to fetch resource.
remote-debugging-port" "50251" "--remote-allow-hosts" "localhost" "-no-remote" "-profile" "C:\\Users\\kirit\\AppData\\Local\\Temp\\rust_mozprofile3CgoMb"
1675282868467	Marionette	INFO	Marionette enabled
console.warn: SearchSettings: "get: No settings file exists, new profile?" (new NotFoundError("Could not open the file at C:\\Users\\kirit\\AppData\\Local\\Temp\\rust_mozprofile3CgoMb\\search.json.mozlz4", (void 0)))
DevTools listening on ws://localhost:50251/devtools/browser/0a74da20-7429-4a05-ae5b-8f6725a6d959
1675282870900	Marionette	INFO	Listening on port 50256
1675282871284	RemoteAgent	WARN	TLS certificate errors will be ignored for this session
JavaScript warning: https://static.cdninstagram.com/rsrc.php/v3if8t4/yF/l/en_US/O4onDaVW35_.js?_nc_x=Ij3Wp8lg5Kz, line 28: WEBGL_debug_renderer_info is deprecated in Firefox and will be removed. Please use RENDERER.
1675283020337	Marionette	INFO	Stopped listening on port 50256
5282920001	mozrunner::runner	INFO	Running command: "C:\\Program Files\\Mozilla Firefox\\firefox.exe" "--marionette" "--remote-debugging-port" "50323" "--remote-allow-hosts" "localhost" "-no-remote" "-profile" "C:\\Users\\kirit\\AppData\\Local\\Temp\\rust_mozprofileN8BvMa"
1675282920430	Marionette	INFO	Marionette enabled
console.warn: SearchSettings: "get: No settings file exists, new profile?" (new NotFoundError("Could not open the file at C:\\Users\\kirit\\AppData\\Local\\Temp\\rust_mozprofileN8BvMa\\search.json.mozlz4", (void 0)))
DevTools listening on ws://localhost:50323/devtools/browser/8d696902-65e4-4d8d-9cdc-5d48ccd44375
1675282922409	Marionette	INFO	Listening on port 50329
1675282922662	RemoteAgent	WARN	TLS certificate errors will be ignored for this session
JavaScript warning: https://static.cdninstagram.com/rsrc.php/v3if8t4/yF/l/en_US/O4onDaVW35_.js?_nc_x=Ij3Wp8lg5Kz, line 28: WEBGL_debug_renderer_info is deprecated in Firefox and will be removed. Please use RENDERER.
1675283021092	Marionette	INFO	Stopped listening on port 50329

###!!! [Child][MessageChannel] Error: (msgtype=0x590004,name=PHttpChannel::Msg_Cancel) Channel closing: too late to send/recv, messages will be lost


###!!! [Child][MessageChannel] Error: (msgtype=0x590008,name=PHttpChannel::Msg_DeletingChannel) Channel closing: too late to send/recv, messages will be lost


###!!! [Child][MessageChannel] Error: (msgtype=0x590004,name=PHttpChannel::Msg_Cancel) Channel closing: too late to send/recv, messages will be lost


###!!! [Child][MessageChannel] Error: (msgtype=0x590008,name=PHttpChannel::Msg_DeletingChannel) Channel closing: too late to send/recv, messages will be lost


###!!! [Child][MessageChannel] Error: (msgtype=0x590004,name=PHttpChannel::Msg_Cancel) Channel closing: too late to send/recv, messages will be lost


###!!! [Child][MessageChannel] Error: (msgtype=0x590008,name=PHttpChannel::Msg_DeletingChannel) Channel closing: too late to send/recv, messages will be lost


###!!! [Parent][RunMessage] Error: Channel closing: too late to send/recv, messages will be lost

1675283027545	geckodriver	INFO	Listening on 127.0.0.1:50411
1675283030597	mozrunner::runner	INFO	Running command: "C:\\Program Files\\Mozilla Firefox\\firefox.exe" "--marionette" "--remote-debugging-port" "50412" "--remote-allow-hosts" "localhost" "-no-remote" "-profile" "C:\\Users\\kirit\\AppData\\Local\\Temp\\rust_mozprofile9r2Sbs"
1675283030983	Marionette	INFO	Marionette enabled
console.warn: SearchSettings: "get: No settings file exists, new profile?" (new NotFoundError("Could not open the file at C:\\Users\\kirit\\AppData\\Local\\Temp\\rust_mozprofile9r2Sbs\\search.json.mozlz4", (void 0)))
DevTools listening on ws://localhost:50412/devtools/browser/0eea0ea1-45a9-461f-bbfb-af9959b4f4e2
1675283032923	Marionette	INFO	Listening on port 50417
1675283033273	RemoteAgent	WARN	TLS certificate errors will be ignored for this session
JavaScript warning: https://static.cdninstagram.com/rsrc.php/v3if8t4/yF/l/en_US/O4onDaVW35_.js?_nc_x=Ij3Wp8lg5Kz, line 28: WEBGL_debug_renderer_info is deprecated in Firefox and will be removed. Please use RENDERER.
console.warn: LoginRecipes: "getRecipes: falling back to a synchronous message for:" "https://www.instagram.com"
JavaScript error: resource://devtools/server/actors/network-monitor/network-event-actor.js, line 110: Error: Got a request https://static.cdninstagram.com/rsrc.php/v3/yk/l/0,cross/m5Ri49sxz3cGlhA2dtsSrj99UXVsfaJufATBUjaChBnl.css?_nc_x=Ij3Wp8lg5Kz without a browsingContextID set
JavaScript error: resource://devtools/server/actors/resources/network-events-content.js, line 64: NS_NOINTERFACE: Component returned failure code: 0x80004002 (NS_NOINTERFACE) [nsISupports.QueryInterface]
JavaScript warning: https://static.cdninstagram.com/rsrc.php/v3if8t4/yF/l/en_US/O4onDaVW35_.js?_nc_x=Ij3Wp8lg5Kz, line 28: WEBGL_debug_renderer_info is deprecated in Firefox and will be removed. Please use RENDERER.
console.warn: LoginRecipes: "getRecipes: falling back to a synchronous message for:" "https://www.instagram.com"
1675285554932	Marionette	INFO	Stopped listening on port 50417
console.warn: TopSitesFeed: Failed to fetch data from Contile server: NetworkError when attempting to fetch resource.
ta\\Local\\Temp\\rust_mozprofile2eVyqJ"
1675283241414	Marionette	INFO	Marionette enabled
console.warn: SearchSettings: "get: No settings file exists, new profile?" (new NotFoundError("Could not open the file at C:\\Users\\kirit\\AppData\\Local\\Temp\\rust_mozprofile2eVyqJ\\search.json.mozlz4", (void 0)))
DevTools listening on ws://localhost:55109/devtools/browser/259f58f1-0e5f-457c-9f90-447f1c79fd37
1675283243681	Marionette	INFO	Listening on port 55114
1675283243763	RemoteAgent	WARN	TLS certificate errors will be ignored for this session
JavaScript warning: https://static.cdninstagram.com/rsrc.php/v3if8t4/yF/l/en_US/O4onDaVW35_.js?_nc_x=Ij3Wp8lg5Kz, line 28: WEBGL_debug_renderer_info is deprecated in Firefox and will be removed. Please use RENDERER.
console.warn: LoginRecipes: "getRecipes: falling back to a synchronous message for:" "https://www.instagram.com"
console.warn: LoginRecipes: "getRecipes: falling back to a synchronous message for:" "https://www.instagram.com"
JavaScript error: resource://devtools/server/actors/network-monitor/network-event-actor.js, line 110: Error: Got a request https://static.cdninstagram.com/rsrc.php/v3/yk/l/0,cross/m5Ri49sxz3cGlhA2dtsSrj99UXVsfaJufATBUjaChBnl.css?_nc_x=Ij3Wp8lg5Kz without a browsingContextID set
JavaScript error: resource://devtools/server/actors/resources/network-events-content.js, line 64: NS_NOINTERFACE: Component returned failure code: 0x80004002 (NS_NOINTERFACE) [nsISupports.QueryInterface]
1675283285806	Marionette	INFO	Stopped listening on port 55114
1675284074413	geckodriver	INFO	Listening on 127.0.0.1:55220
1675284077480	mozrunner::runner	INFO	Running command: "C:\\Program Files\\Mozilla Firefox\\firefox.exe" "--marionette" "--remote-debugging-port" "55221" "--remote-allow-hosts" "localhost" "-no-remote" "-profile" "C:\\Users\\kirit\\AppData\\Local\\Temp\\rust_mozprofile7ObA8K"
1675284077910	Marionette	INFO	Marionette enabled
console.warn: SearchSettings: "get: No settings file exists, new profile?" (new NotFoundError("Could not open the file at C:\\Users\\kirit\\AppData\\Local\\Temp\\rust_mozprofile7ObA8K\\search.json.mozlz4", (void 0)))
DevTools listening on ws://localhost:55221/devtools/browser/ac1c919c-3f96-4f91-b672-8ad40a53edaa
1675284079949	Marionette	INFO	Listening on port 55226
1675284080153	RemoteAgent	WARN	TLS certificate errors will be ignored for this session
JavaScript warning: https://static.cdninstagram.com/rsrc.php/v3if8t4/yF/l/en_US/O4onDaVW35_.js?_nc_x=Ij3Wp8lg5Kz, line 28: WEBGL_debug_renderer_info is deprecated in Firefox and will be removed. Please use RENDERER.
1675284089253	Marionette	INFO	Stopped listening on port 55226

###!!! [Parent][RunMessage] Error: Channel closing: too late to send/recv, messages will be lost

1675284113559	geckodriver	INFO	Listening on 127.0.0.1:55291
1675284116636	mozrunner::runner	INFO	Running command: "C:\\Program Files\\Mozilla Firefox\\firefox.exe" "--marionette" "--remote-debugging-port" "55292" "--remote-allow-hosts" "localhost" "-no-remote" "-profile" "C:\\Users\\kirit\\AppData\\Local\\Temp\\rust_mozprofileAdEsat"
1675284116979	Marionette	INFO	Marionette enabled
console.warn: SearchSettings: "get: No settings file exists, new profile?" (new NotFoundError("Could not open the file at C:\\Users\\kirit\\AppData\\Local\\Temp\\rust_mozprofileAdEsat\\search.json.mozlz4", (void 0)))
DevTools listening on ws://localhost:55292/devtools/browser/0e2391fe-ef2f-4990-923d-e80ad9e3a51a
1675284118911	Marionette	INFO	Listening on port 55297
1675284119294	RemoteAgent	WARN	TLS certificate errors will be ignored for this session
JavaScript warning: https://static.cdninstagram.com/rsrc.php/v3if8t4/yF/l/en_US/O4onDaVW35_.js?_nc_x=Ij3Wp8lg5Kz, line 28: WEBGL_debug_renderer_info is deprecated in Firefox and will be removed. Please use RENDERER.
1675284128089	Marionette	INFO	Stopped listening on port 55297

###!!! [Parent][RunMessage] Error: Channel closing: too late to send/recv, messages will be lost

1675284287829	geckodriver	INFO	Listening on 127.0.0.1:55363
1675284290885	mozrunner::runner	INFO	Running command: "C:\\Program Files\\Mozilla Firefox\\firefox.exe" "--marionette" "--remote-debugging-port" "55364" "--remote-allow-hosts" "localhost" "-no-remote" "-profile" "C:\\Users\\kirit\\AppData\\Local\\Temp\\rust_mozprofileD8DehW"
1675284291233	Marionette	INFO	Marionette enabled
console.warn: SearchSettings: "get: No settings file exists, new profile?" (new NotFoundError("Could not open the file at C:\\Users\\kirit\\AppData\\Local\\Temp\\rust_mozprofileD8DehW\\search.json.mozlz4", (void 0)))
DevTools listening on ws://localhost:55364/devtools/browser/a042ad0d-e423-4d4f-ac20-6fdb38e8c39f
1675284293330	Marionette	INFO	Listening on port 55369
1675284293547	RemoteAgent	WARN	TLS certificate errors will be ignored for this session
JavaScript warning: https://static.cdninstagram.com/rsrc.php/v3if8t4/yF/l/en_US/O4onDaVW35_.js?_nc_x=Ij3Wp8lg5Kz, line 28: WEBGL_debug_renderer_info is deprecated in Firefox and will be removed. Please use RENDERER.
1675284652876	Marionette	INFO	Stopped listening on port 55369
console.warn: TopSitesFeed: Failed to fetch data from Contile server: NetworkError when attempting to fetch resource.
remote-debugging-port" "55439" "--remote-allow-hosts" "localhost" "-no-remote" "-profile" "C:\\Users\\kirit\\AppData\\Local\\Temp\\rust_mozprofileoRQDSk"
1675284382503	Marionette	INFO	Marionette enabled
console.warn: SearchSettings: "get: No settings file exists, new profile?" (new NotFoundError("Could not open the file at C:\\Users\\kirit\\AppData\\Local\\Temp\\rust_mozprofileoRQDSk\\search.json.mozlz4", (void 0)))
DevTools listening on ws://localhost:55439/devtools/browser/85e56e7e-1c5e-4c13-b791-803ddaddcce2
1675284384656	Marionette	INFO	Listening on port 55444
1675284384802	RemoteAgent	WARN	TLS certificate errors will be ignored for this session
JavaScript warning: https://static.cdninstagram.com/rsrc.php/v3if8t4/yF/l/en_US/O4onDaVW35_.js?_nc_x=Ij3Wp8lg5Kz, line 28: WEBGL_debug_renderer_info is deprecated in Firefox and will be removed. Please use RENDERER.
1675284392033	Marionette	INFO	Stopped listening on port 55444
JavaScript error: chrome://remote/content/marionette/cert.js, line 55: NS_ERROR_NOT_AVAILABLE: Component returned failure code: 0x80040111 (NS_ERROR_NOT_AVAILABLE) [nsICertOverrideService.setDisableAllSecurityChecksAndLetAttackersInterceptMyData]
1675285263343	geckodriver	INFO	Listening on 127.0.0.1:50954
1675285266422	mozrunner::runner	INFO	Running command: "C:\\Program Files\\Mozilla Firefox\\firefox.exe" "--marionette" "--remote-debugging-port" "50955" "--remote-allow-hosts" "localhost" "-no-remote" "-profile" "C:\\Users\\kirit\\AppData\\Local\\Temp\\rust_mozprofileNTqnRY"
1675285266850	Marionette	INFO	Marionette enabled
console.warn: SearchSettings: "get: No settings file exists, new profile?" (new NotFoundError("Could not open the file at C:\\Users\\kirit\\AppData\\Local\\Temp\\rust_mozprofileNTqnRY\\search.json.mozlz4", (void 0)))
DevTools listening on ws://localhost:50955/devtools/browser/2bbd8d39-7f40-4e66-9f22-89e8ae3609eb
1675285269398	Marionette	INFO	Listening on port 50960
1675285269623	RemoteAgent	WARN	TLS certificate errors will be ignored for this session
JavaScript warning: https://static.cdninstagram.com/rsrc.php/v3if8t4/yF/l/en_US/O4onDaVW35_.js?_nc_x=Ij3Wp8lg5Kz, line 28: WEBGL_debug_renderer_info is deprecated in Firefox and will be removed. Please use RENDERER.
1675285278787	Marionette	INFO	Stopped listening on port 50960
console.warn: TopSitesFeed: Failed to fetch data from Contile server: NetworkError when attempting to fetch resource.

###!!! [Parent][RunMessage] Error: Channel closing: too late to send/recv, messages will be lost

1675285362573	geckodriver	INFO	Listening on 127.0.0.1:51038
1675285365608	mozrunner::runner	INFO	Running command: "C:\\Program Files\\Mozilla Firefox\\firefox.exe" "--marionette" "--remote-debugging-port" "51039" "--remote-allow-hosts" "localhost" "-no-remote" "-profile" "C:\\Users\\kirit\\AppData\\Local\\Temp\\rust_mozprofile29fNF4"
1675285366024	Marionette	INFO	Marionette enabled
console.warn: SearchSettings: "get: No settings file exists, new profile?" (new NotFoundError("Could not open the file at C:\\Users\\kirit\\AppData\\Local\\Temp\\rust_mozprofile29fNF4\\search.json.mozlz4", (void 0)))
DevTools listening on ws://localhost:51039/devtools/browser/179523c3-685f-4197-a85a-97e56cf9de8c
1675285368159	Marionette	INFO	Listening on port 51045
1675285368303	RemoteAgent	WARN	TLS certificate errors will be ignored for this session
JavaScript warning: https://static.cdninstagram.com/rsrc.php/v3if8t4/yF/l/en_US/O4onDaVW35_.js?_nc_x=Ij3Wp8lg5Kz, line 28: WEBGL_debug_renderer_info is deprecated in Firefox and will be removed. Please use RENDERER.
1675285376987	Marionette	INFO	Stopped listening on port 51045

###!!! [Parent][RunMessage] Error: Channel closing: too late to send/recv, messages will be lost

1675285401190	geckodriver	INFO	Listening on 127.0.0.1:51115
1675285404204	mozrunner::runner	INFO	Running command: "C:\\Program Files\\Mozilla Firefox\\firefox.exe" "--marionette" "--remote-debugging-port" "51116" "--remote-allow-hosts" "localhost" "-no-remote" "-profile" "C:\\Users\\kirit\\AppData\\Local\\Temp\\rust_mozprofile8XsvNf"
1675285404547	Marionette	INFO	Marionette enabled
console.warn: SearchSettings: "get: No settings file exists, new profile?" (new NotFoundError("Could not open the file at C:\\Users\\kirit\\AppData\\Local\\Temp\\rust_mozprofile8XsvNf\\search.json.mozlz4", (void 0)))
DevTools listening on ws://localhost:51116/devtools/browser/c85bc8f3-60d7-451f-91bf-67a9d5a47a47
1675285406698	Marionette	INFO	Listening on port 51122
1675285406879	RemoteAgent	WARN	TLS certificate errors will be ignored for this session
JavaScript warning: https://static.cdninstagram.com/rsrc.php/v3if8t4/yF/l/en_US/O4onDaVW35_.js?_nc_x=Ij3Wp8lg5Kz, line 28: WEBGL_debug_renderer_info is deprecated in Firefox and will be removed. Please use RENDERER.
1675285419737	Marionette	INFO	Stopped listening on port 51122

###!!! [Parent][RunMessage] Error: Channel closing: too late to send/recv, messages will be lost

1675285562373	geckodriver	INFO	Listening on 127.0.0.1:51204
1675285565437	mozrunner::runner	INFO	Running command: "C:\\Program Files\\Mozilla Firefox\\firefox.exe" "--marionette" "--remote-debugging-port" "51205" "--remote-allow-hosts" "localhost" "-no-remote" "-profile" "C:\\Users\\kirit\\AppData\\Local\\Temp\\rust_mozprofile1DgV7z"
1675285565852	Marionette	INFO	Marionette enabled
console.warn: SearchSettings: "get: No settings file exists, new profile?" (new NotFoundError("Could not open the file at C:\\Users\\kirit\\AppData\\Local\\Temp\\rust_mozprofile1DgV7z\\search.json.mozlz4", (void 0)))
DevTools listening on ws://localhost:51205/devtools/browser/52dcf03d-a87d-4df8-b6bb-12513488201b
1675285567820	Marionette	INFO	Listening on port 51210
1675285568127	RemoteAgent	WARN	TLS certificate errors will be ignored for this session
JavaScript warning: https://static.cdninstagram.com/rsrc.php/v3if8t4/yF/l/en_US/O4onDaVW35_.js?_nc_x=Ij3Wp8lg5Kz, line 28: WEBGL_debug_renderer_info is deprecated in Firefox and will be removed. Please use RENDERER.
1675285586603	Marionette	INFO	Stopped listening on port 51210
1675285641113	geckodriver	INFO	Listening on 127.0.0.1:51278
1675285644158	mozrunner::runner	INFO	Running command: "C:\\Program Files\\Mozilla Firefox\\firefox.exe" "--marionette" "--remote-debugging-port" "51279" "--remote-allow-hosts" "localhost" "-no-remote" "-profile" "C:\\Users\\kirit\\AppData\\Local\\Temp\\rust_mozprofileUzqaf4"
1675285644529	Marionette	INFO	Marionette enabled
console.warn: SearchSettings: "get: No settings file exists, new profile?" (new NotFoundError("Could not open the file at C:\\Users\\kirit\\AppData\\Local\\Temp\\rust_mozprofileUzqaf4\\search.json.mozlz4", (void 0)))
DevTools listening on ws://localhost:51279/devtools/browser/6c451068-abd0-4a35-8118-3340abc63851
1675285646700	Marionette	INFO	Listening on port 51284
1675285646849	RemoteAgent	WARN	TLS certificate errors will be ignored for this session
JavaScript warning: https://static.cdninstagram.com/rsrc.php/v3if8t4/yF/l/en_US/O4onDaVW35_.js?_nc_x=Ij3Wp8lg5Kz, line 28: WEBGL_debug_renderer_info is deprecated in Firefox and will be removed. Please use RENDERER.
1675285654047	Marionette	INFO	Stopped listening on port 51284
JavaScript error: chrome://remote/content/marionette/cert.js, line 55: NS_ERROR_NOT_AVAILABLE: Component returned failure code: 0x80040111 (NS_ERROR_NOT_AVAILABLE) [nsICertOverrideService.setDisableAllSecurityChecksAndLetAttackersInterceptMyData]
1675285670771	geckodriver	INFO	Listening on 127.0.0.1:51348
1675285673807	mozrunner::runner	INFO	Running command: "C:\\Program Files\\Mozilla Firefox\\firefox.exe" "--marionette" "--remote-debugging-port" "51349" "--remote-allow-hosts" "localhost" "-no-remote" "-profile" "C:\\Users\\kirit\\AppData\\Local\\Temp\\rust_mozprofile9oqTS8"
1675285674171	Marionette	INFO	Marionette enabled
console.warn: SearchSettings: "get: No settings file exists, new profile?" (new NotFoundError("Could not open the file at C:\\Users\\kirit\\AppData\\Local\\Temp\\rust_mozprofile9oqTS8\\search.json.mozlz4", (void 0)))
DevTools listening on ws://localhost:51349/devtools/browser/4be2d188-8726-43c7-8b01-c25167e31115
1675285676091	Marionette	INFO	Listening on port 51354
1675285676475	RemoteAgent	WARN	TLS certificate errors will be ignored for this session
JavaScript warning: https://static.cdninstagram.com/rsrc.php/v3if8t4/yF/l/en_US/O4onDaVW35_.js?_nc_x=Ij3Wp8lg5Kz, line 28: WEBGL_debug_renderer_info is deprecated in Firefox and will be removed. Please use RENDERER.
1675285684210	Marionette	INFO	Stopped listening on port 51354
JavaScript error: chrome://remote/content/marionette/cert.js, line 55: NS_ERROR_NOT_AVAILABLE: Component returned failure code: 0x80040111 (NS_ERROR_NOT_AVAILABLE) [nsICertOverrideService.setDisableAllSecurityChecksAndLetAttackersInterceptMyData]

###!!! [Parent][RunMessage] Error: Channel closing: too late to send/recv, messages will be lost

1675285751502	geckodriver	INFO	Listening on 127.0.0.1:51455
1675285754533	mozrunner::runner	INFO	Running command: "C:\\Program Files\\Mozilla Firefox\\firefox.exe" "--marionette" "--remote-debugging-port" "51456" "--remote-allow-hosts" "localhost" "-no-remote" "-profile" "C:\\Users\\kirit\\AppData\\Local\\Temp\\rust_mozprofileRGtmGm"
1675285755127	Marionette	INFO	Marionette enabled
console.warn: SearchSettings: "get: No settings file exists, new profile?" (new NotFoundError("Could not open the file at C:\\Users\\kirit\\AppData\\Local\\Temp\\rust_mozprofileRGtmGm\\search.json.mozlz4", (void 0)))
DevTools listening on ws://localhost:51456/devtools/browser/1865b5f9-c495-4b90-ac8c-8986ef2f990a
1675285757988	Marionette	INFO	Listening on port 51461
1675285758250	RemoteAgent	WARN	TLS certificate errors will be ignored for this session
JavaScript warning: https://static.cdninstagram.com/rsrc.php/v3if8t4/yF/l/en_US/O4onDaVW35_.js?_nc_x=Ij3Wp8lg5Kz, line 28: WEBGL_debug_renderer_info is deprecated in Firefox and will be removed. Please use RENDERER.
1675285764227	Marionette	INFO	Stopped listening on port 51461
JavaScript error: chrome://remote/content/marionette/cert.js, line 55: NS_ERROR_NOT_AVAILABLE: Component returned failure code: 0x80040111 (NS_ERROR_NOT_AVAILABLE) [nsICertOverrideService.setDisableAllSecurityChecksAndLetAttackersInterceptMyData]
1675285812658	geckodriver	INFO	Listening on 127.0.0.1:51541
1675285815701	mozrunner::runner	INFO	Running command: "C:\\Program Files\\Mozilla Firefox\\firefox.exe" "--marionette" "--remote-debugging-port" "51542" "--remote-allow-hosts" "localhost" "-no-remote" "-profile" "C:\\Users\\kirit\\AppData\\Local\\Temp\\rust_mozprofileFMDacd"
1675285816123	Marionette	INFO	Marionette enabled
console.warn: SearchSettings: "get: No settings file exists, new profile?" (new NotFoundError("Could not open the file at C:\\Users\\kirit\\AppData\\Local\\Temp\\rust_mozprofileFMDacd\\search.json.mozlz4", (void 0)))
DevTools listening on ws://localhost:51542/devtools/browser/4fe4f08b-e375-419a-909f-a98af2774170
1675285818771	Marionette	INFO	Listening on port 51547
1675285818874	RemoteAgent	WARN	TLS certificate errors will be ignored for this session
JavaScript warning: https://static.cdninstagram.com/rsrc.php/v3if8t4/yF/l/en_US/O4onDaVW35_.js?_nc_x=Ij3Wp8lg5Kz, line 28: WEBGL_debug_renderer_info is deprecated in Firefox and will be removed. Please use RENDERER.
console.warn: LoginRecipes: "getRecipes: falling back to a synchronous message for:" "https://www.instagram.com"
JavaScript error: resource://devtools/server/actors/network-monitor/network-event-actor.js, line 110: Error: Got a request https://static.cdninstagram.com/rsrc.php/v3/yk/l/0,cross/m5Ri49sxz3cGlhA2dtsSrj99UXVsfaJufATBUjaChBnl.css?_nc_x=Ij3Wp8lg5Kz without a browsingContextID set
JavaScript error: resource://devtools/server/actors/resources/network-events-content.js, line 64: NS_NOINTERFACE: Component returned failure code: 0x80004002 (NS_NOINTERFACE) [nsISupports.QueryInterface]
1675286407723	Marionette	INFO	Stopped listening on port 51547
console.warn: TopSitesFeed: Failed to fetch data from Contile server: NetworkError when attempting to fetch resource.

###!!! [Parent][RunMessage] Error: Channel closing: too late to send/recv, messages will be lost

1675286409456	geckodriver	INFO	Listening on 127.0.0.1:51718
1675286412536	mozrunner::runner	INFO	Running command: "C:\\Program Files\\Mozilla Firefox\\firefox.exe" "--marionette" "--remote-debugging-port" "51719" "--remote-allow-hosts" "localhost" "-no-remote" "-profile" "C:\\Users\\kirit\\AppData\\Local\\Temp\\rust_mozprofile2MWvGQ"
1675286413024	Marionette	INFO	Marionette enabled
console.warn: SearchSettings: "get: No settings file exists, new profile?" (new NotFoundError("Could not open the file at C:\\Users\\kirit\\AppData\\Local\\Temp\\rust_mozprofile2MWvGQ\\search.json.mozlz4", (void 0)))
DevTools listening on ws://localhost:51719/devtools/browser/1e42de6e-a8a4-4dca-a950-d42113772c81
1675286415054	Marionette	INFO	Listening on port 51724
1675286415230	RemoteAgent	WARN	TLS certificate errors will be ignored for this session
JavaScript warning: https://static.cdninstagram.com/rsrc.php/v3if8t4/yF/l/en_US/O4onDaVW35_.js?_nc_x=Ij3Wp8lg5Kz, line 28: WEBGL_debug_renderer_info is deprecated in Firefox and will be removed. Please use RENDERER.
1675286423027	Marionette	INFO	Stopped listening on port 51724
JavaScript error: chrome://remote/content/marionette/cert.js, line 55: NS_ERROR_NOT_AVAILABLE: Component returned failure code: 0x80040111 (NS_ERROR_NOT_AVAILABLE) [nsICertOverrideService.setDisableAllSecurityChecksAndLetAttackersInterceptMyData]

###!!! [Parent][RunMessage] Error: Channel closing: too late to send/recv, messages will be lost

1684243958610	geckodriver	INFO	Listening on 127.0.0.1:57447
1684243961675	mozrunner::runner	INFO	Running command: "C:\\Program Files\\Mozilla Firefox\\firefox.exe" "--marionette" "--remote-debugging-port" "57448" "--remote-allow-hosts" "localhost" "-no-remote" "-profile" "C:\\Users\\kirit\\AppData\\Local\\Temp\\rust_mozprofileIJsYW7"
1684243973865	geckodriver	INFO	Listening on 127.0.0.1:57491
1684243976911	mozrunner::runner	INFO	Running command: "C:\\Program Files\\Mozilla Firefox\\firefox.exe" "--marionette" "--remote-debugging-port" "57492" "--remote-allow-hosts" "localhost" "-no-remote" "-profile" "C:\\Users\\kirit\\AppData\\Local\\Temp\\rust_mozprofileKgKRbb"
console.warn: services.settings: Ignoring preference override of remote settings server
console.warn: services.settings: Allow by setting MOZ_REMOTE_SETTINGS_DEVTOOLS=1 in the environment
1684243977423	Marionette	INFO	Marionette enabled
Dynamically enable window occlusion 0
1684243977431	Marionette	INFO	Listening on port 57500
Read port: 57500
WebDriver BiDi listening on ws://127.0.0.1:57492
1684243977727	RemoteAgent	WARN	TLS certificate errors will be ignored for this session
console.warn: SearchSettings: "get: No settings file exists, new profile?" (new NotFoundError("Could not open the file at C:\\Users\\kirit\\AppData\\Local\\Temp\\rust_mozprofileKgKRbb\\search.json.mozlz4", (void 0)))
[ERROR glean_core] Error setting metrics feature config: Json(Error("EOF while parsing a value", line: 1, column: 0))
DevTools listening on ws://127.0.0.1:57492/devtools/browser/9ade99a1-ea09-460e-aef3-72bc34dfa2fc
JavaScript warning: https://static.cdninstagram.com/rsrc.php/v3if8t4/yO/l/en_US/xaiHDISgDSj.js?_nc_x=Ij3Wp8lg5Kz, line 27: WEBGL_debug_renderer_info is deprecated in Firefox and will be removed. Please use RENDERER.
1684243983627	Marionette	INFO	Stopped listening on port 57500
Dynamically enable window occlusion 1
console.warn: TopSitesFeed: Failed to fetch data from Contile server: NetworkError when attempting to fetch resource.
WARNING: A blocker encountered an error while we were waiting.
          Blocker:  Waiting for ping task
          Phase: TelemetryController: Waiting for pending ping activity
          State: (none)
WARNING: Error: Phase "profile-before-change" is finished, it is too late to register completion condition "OS.File: flush I/O queued before profileBeforeChange"
WARNING: addBlocker@resource://gre/modules/AsyncShutdown.sys.mjs:727:15
addBlocker@resource://gre/modules/AsyncShutdown.sys.mjs:523:26
addBlocker@resource://gre/modules/AsyncShutdown.sys.mjs:458:15
setupShutdown@resource://gre/modules/osfile/osfile_async_front.jsm:1548:28
@resource://gre/modules/osfile/osfile_async_front.jsm:1568:16
@resource://gre/modules/osfile.jsm:12:30
@resource://gre/modules/TelemetryStorage.sys.mjs:10:28
_checkPendingPings@resource://gre/modules/TelemetrySend.sys.mjs:863:17
setup@resource://gre/modules/TelemetrySend.sys.mjs:803:18
setup@resource://gre/modules/TelemetrySend.sys.mjs:241:30
setupTelemetry/this._delayedInitTask<@resource://gre/modules/TelemetryControllerParent.sys.mjs:824:36
observe@resource://gre/modules/AsyncShutdown.sys.mjs:576:16

console.error: "TelemetryScheduler.shutdown - Already shut down"
WARNING: A blocker encountered an error while we were waiting.
          Blocker:  Waiting for ping task
          Phase: TelemetryController: Waiting for pending ping activity
          State: (none)
WARNING: Error: Phase "profile-before-change" is finished, it is too late to register completion condition "OS.File: flush I/O queued before profileBeforeChange"
WARNING: addBlocker@resource://gre/modules/AsyncShutdown.sys.mjs:727:15
addBlocker@resource://gre/modules/AsyncShutdown.sys.mjs:523:26
addBlocker@resource://gre/modules/AsyncShutdown.sys.mjs:458:15
setupShutdown@resource://gre/modules/osfile/osfile_async_front.jsm:1548:28
@resource://gre/modules/osfile/osfile_async_front.jsm:1568:16
@resource://gre/modules/osfile.jsm:12:30
@resource://gre/modules/TelemetryStorage.sys.mjs:10:28
_checkPendingPings@resource://gre/modules/TelemetrySend.sys.mjs:863:17
setup@resource://gre/modules/TelemetrySend.sys.mjs:803:18
setup@resource://gre/modules/TelemetrySend.sys.mjs:241:30
setupTelemetry/this._delayedInitTask<@resource://gre/modules/TelemetryControllerParent.sys.mjs:824:36
observe@resource://gre/modules/AsyncShutdown.sys.mjs:576:16

WARNING: A blocker encountered an error while we were waiting.
          Blocker:  Waiting for ping task
          Phase: TelemetryController: Waiting for pending ping activity
          State: (none)
WARNING: Error: Phase "profile-before-change" is finished, it is too late to register completion condition "OS.File: flush I/O queued before profileBeforeChange"
WARNING: addBlocker@resource://gre/modules/AsyncShutdown.sys.mjs:727:15
addBlocker@resource://gre/modules/AsyncShutdown.sys.mjs:523:26
addBlocker@resource://gre/modules/AsyncShutdown.sys.mjs:458:15
setupShutdown@resource://gre/modules/osfile/osfile_async_front.jsm:1548:28
@resource://gre/modules/osfile/osfile_async_front.jsm:1568:16
@resource://gre/modules/osfile.jsm:12:30
@resource://gre/modules/TelemetryStorage.sys.mjs:10:28
_checkPendingPings@resource://gre/modules/TelemetrySend.sys.mjs:863:17
setup@resource://gre/modules/TelemetrySend.sys.mjs:803:18
setup@resource://gre/modules/TelemetrySend.sys.mjs:241:30
setupTelemetry/this._delayedInitTask<@resource://gre/modules/TelemetryControllerParent.sys.mjs:824:36
observe@resource://gre/modules/AsyncShutdown.sys.mjs:576:16

WARNING: A blocker encountered an error while we were waiting.
          Blocker:  TelemetryController: shutting down
          Phase: profile-before-change-telemetry
          State: Error getting state: Error: Phase "profile-before-change" is finished, it is too late to register completion condition "OS.File: flush I/O queued before profileBeforeChange" at addBlocker@resource://gre/modules/AsyncShutdown.sys.mjs:727:15
addBlocker@resource://gre/modules/AsyncShutdown.sys.mjs:523:26
addBlocker@resource://gre/modules/AsyncShutdown.sys.mjs:458:15
setupShutdown@resource://gre/modules/osfile/osfile_async_front.jsm:1548:28
@resource://gre/modules/osfile/osfile_async_front.jsm:1568:16
@resource://gre/modules/osfile.jsm:12:30
@resource://gre/modules/TelemetryStorage.sys.mjs:10:28
_checkPendingPings@resource://gre/modules/TelemetrySend.sys.mjs:863:17
setup@resource://gre/modules/TelemetrySend.sys.mjs:803:18
setup@resource://gre/modules/TelemetrySend.sys.mjs:241:30
setupTelemetry/this._delayedInitTask<@resource://gre/modules/TelemetryControllerParent.sys.mjs:824:36
observe@resource://gre/modules/AsyncShutdown.sys.mjs:576:16

WARNING: Error: Phase "profile-before-change" is finished, it is too late to register completion condition "OS.File: flush I/O queued before profileBeforeChange"
WARNING: addBlocker@resource://gre/modules/AsyncShutdown.sys.mjs:727:15
addBlocker@resource://gre/modules/AsyncShutdown.sys.mjs:523:26
addBlocker@resource://gre/modules/AsyncShutdown.sys.mjs:458:15
setupShutdown@resource://gre/modules/osfile/osfile_async_front.jsm:1548:28
@resource://gre/modules/osfile/osfile_async_front.jsm:1568:16
@resource://gre/modules/osfile.jsm:12:30
@resource://gre/modules/TelemetryStorage.sys.mjs:10:28
_checkPendingPings@resource://gre/modules/TelemetrySend.sys.mjs:863:17
setup@resource://gre/modules/TelemetrySend.sys.mjs:803:18
setup@resource://gre/modules/TelemetrySend.sys.mjs:241:30
setupTelemetry/this._delayedInitTask<@resource://gre/modules/TelemetryControllerParent.sys.mjs:824:36
observe@resource://gre/modules/AsyncShutdown.sys.mjs:576:16

JavaScript error: resource://gre/modules/AsyncShutdown.sys.mjs, line 727: Error: Phase "profile-before-change" is finished, it is too late to register completion condition "OS.File: flush I/O queued before profileBeforeChange"
JavaScript error: resource://gre/modules/AsyncShutdown.sys.mjs, line 727: Error: Phase "profile-before-change" is finished, it is too late to register completion condition "OS.File: flush I/O queued before profileBeforeChange"
JavaScript error: resource://gre/modules/AsyncShutdown.sys.mjs, line 727: Error: Phase "profile-before-change" is finished, it is too late to register completion condition "OS.File: flush I/O queued before profileBeforeChange"
JavaScript error: resource://gre/modules/AsyncShutdown.sys.mjs, line 727: Error: Phase "profile-before-change" is finished, it is too late to register completion condition "OS.File: flush I/O queued before profileBeforeChange"
JavaScript error: resource://gre/modules/AsyncShutdown.sys.mjs, line 727: Error: Phase "profile-before-change" is finished, it is too late to register completion condition "OS.File: flush I/O queued before profileBeforeChange"
JavaScript error: resource://gre/modules/AsyncShutdown.sys.mjs, line 727: Error: Phase "profile-before-change" is finished, it is too late to register completion condition "OS.File: flush I/O queued before profileBeforeChange"
